<?xml version="1.0" encoding="UTF-8"?>
<testsuite xmlns:xsi="http://www.w3.org/2001/XMLSchema-instance" xsi:noNamespaceSchemaLocation="https://maven.apache.org/surefire/maven-surefire-plugin/xsd/surefire-test-report-3.0.xsd" version="3.0" name="com.microservices.demo.twitter.to.kafka.service.TwitterToKafkaServiceApplicationTest" time="2.235" tests="1" errors="0" skipped="0" failures="0">
  <properties>
[...]
</properties>
  <testcase name="contextLoad" classname="com.microservices.demo.twitter.to.kafka.service.TwitterToKafkaServiceApplicationTest" time="0.811">
    <system-out><![CDATA[19:09:03,999 |-INFO in ch.qos.logback.classic.LoggerContext[default] - This is logback-classic version 1.4.11
19:09:04,002 |-INFO in ch.qos.logback.classic.util.ContextInitializer@6f6745d6 - Here is a list of configurators discovered as a service, by rank: 
19:09:04,002 |-INFO in ch.qos.logback.classic.util.ContextInitializer@6f6745d6 -   org.springframework.boot.logging.logback.RootLogLevelConfigurator
19:09:04,002 |-INFO in ch.qos.logback.classic.util.ContextInitializer@6f6745d6 - They will be invoked in order until ExecutionStatus.DO_NOT_INVOKE_NEXT_IF_ANY is returned.
19:09:04,002 |-INFO in ch.qos.logback.classic.util.ContextInitializer@6f6745d6 - Constructed configurator of type class org.springframework.boot.logging.logback.RootLogLevelConfigurator
19:09:04,011 |-INFO in ch.qos.logback.classic.util.ContextInitializer@6f6745d6 - org.springframework.boot.logging.logback.RootLogLevelConfigurator.configure() call lasted 0 milliseconds. ExecutionStatus=INVOKE_NEXT_IF_ANY
19:09:04,011 |-INFO in ch.qos.logback.classic.util.ContextInitializer@6f6745d6 - Trying to configure with ch.qos.logback.classic.joran.SerializedModelConfigurator
19:09:04,011 |-INFO in ch.qos.logback.classic.util.ContextInitializer@6f6745d6 - Constructed configurator of type class ch.qos.logback.classic.joran.SerializedModelConfigurator
19:09:04,028 |-INFO in ch.qos.logback.classic.LoggerContext[default] - Could NOT find resource [logback-test.scmo]
19:09:04,028 |-INFO in ch.qos.logback.classic.LoggerContext[default] - Could NOT find resource [logback.scmo]
19:09:04,028 |-INFO in ch.qos.logback.classic.util.ContextInitializer@6f6745d6 - ch.qos.logback.classic.joran.SerializedModelConfigurator.configure() call lasted 17 milliseconds. ExecutionStatus=INVOKE_NEXT_IF_ANY
19:09:04,028 |-INFO in ch.qos.logback.classic.util.ContextInitializer@6f6745d6 - Trying to configure with ch.qos.logback.classic.util.DefaultJoranConfigurator
19:09:04,028 |-INFO in ch.qos.logback.classic.util.ContextInitializer@6f6745d6 - Constructed configurator of type class ch.qos.logback.classic.util.DefaultJoranConfigurator
19:09:04,029 |-INFO in ch.qos.logback.classic.LoggerContext[default] - Could NOT find resource [logback-test.xml]
19:09:04,031 |-INFO in ch.qos.logback.classic.LoggerContext[default] - Found resource [logback.xml] at [file:/D:/event-driven-microservices/microservices-demo/twitter-to-kafka-service/target/classes/logback.xml]
19:09:04,115 |-INFO in ch.qos.logback.core.model.processor.AppenderModelHandler - Processing appender named [STDOUT]
19:09:04,115 |-INFO in ch.qos.logback.core.model.processor.AppenderModelHandler - About to instantiate appender of type [ch.qos.logback.core.ConsoleAppender]
19:09:04,143 |-WARN in ch.qos.logback.core.ConsoleAppender[STDOUT] - This appender no longer admits a layout as a sub-component, set an encoder instead.
19:09:04,143 |-WARN in ch.qos.logback.core.ConsoleAppender[STDOUT] - To ensure compatibility, wrapping your layout in LayoutWrappingEncoder.
19:09:04,143 |-WARN in ch.qos.logback.core.ConsoleAppender[STDOUT] - See also http://logback.qos.ch/codes.html#layoutInsteadOfEncoder for details
19:09:04,143 |-INFO in ch.qos.logback.core.model.processor.AppenderModelHandler - Processing appender named [FILE]
19:09:04,143 |-INFO in ch.qos.logback.core.model.processor.AppenderModelHandler - About to instantiate appender of type [ch.qos.logback.core.rolling.RollingFileAppender]
19:09:04,159 |-INFO in c.q.l.core.rolling.TimeBasedRollingPolicy@659590237 - No compression will be used
19:09:04,160 |-INFO in c.q.l.core.rolling.TimeBasedRollingPolicy@659590237 - Will use the pattern ./twitter-to-kafka-service/logs/archived/twitter-to-kafka-service-log.%d{yyyy-MM-dd}.%i.log for the active file
19:09:04,163 |-INFO in ch.qos.logback.core.rolling.SizeAndTimeBasedFNATP@4f704591 - The date pattern is 'yyyy-MM-dd' from file name pattern './twitter-to-kafka-service/logs/archived/twitter-to-kafka-service-log.%d{yyyy-MM-dd}.%i.log'.
19:09:04,163 |-INFO in ch.qos.logback.core.rolling.SizeAndTimeBasedFNATP@4f704591 - Roll-over at midnight.
19:09:04,164 |-INFO in ch.qos.logback.core.rolling.SizeAndTimeBasedFNATP@4f704591 - Setting initial period to 2023-12-09T13:16:25.758Z
19:09:04,164 |-WARN in ch.qos.logback.core.rolling.SizeAndTimeBasedFNATP@4f704591 - SizeAndTimeBasedFNATP is deprecated. Use SizeAndTimeBasedRollingPolicy instead
19:09:04,164 |-WARN in ch.qos.logback.core.rolling.SizeAndTimeBasedFNATP@4f704591 - For more information see http://logback.qos.ch/manual/appenders.html#SizeAndTimeBasedRollingPolicy
19:09:04,170 |-INFO in ch.qos.logback.core.rolling.RollingFileAppender[FILE] - Active log file name: ./twitter-to-kafka-service/logs/twitter-to-kafka-service.log
19:09:04,170 |-INFO in ch.qos.logback.core.rolling.RollingFileAppender[FILE] - File property is set to [./twitter-to-kafka-service/logs/twitter-to-kafka-service.log]
19:09:04,171 |-INFO in ch.qos.logback.classic.model.processor.LoggerModelHandler - Setting level of logger [com.microservices.demo] to INFO
19:09:04,173 |-INFO in ch.qos.logback.classic.model.processor.LoggerModelHandler - Setting additivity of logger [com.microservices.demo] to false
19:09:04,174 |-INFO in ch.qos.logback.core.model.processor.AppenderRefModelHandler - Attaching appender named [FILE] to Logger[com.microservices.demo]
19:09:04,175 |-INFO in ch.qos.logback.core.model.processor.AppenderRefModelHandler - Attaching appender named [STDOUT] to Logger[com.microservices.demo]
19:09:04,175 |-INFO in ch.qos.logback.classic.model.processor.RootLoggerModelHandler - Setting level of ROOT logger to INFO
19:09:04,175 |-INFO in ch.qos.logback.core.model.processor.AppenderRefModelHandler - Attaching appender named [FILE] to Logger[ROOT]
19:09:04,175 |-INFO in ch.qos.logback.core.model.processor.AppenderRefModelHandler - Attaching appender named [STDOUT] to Logger[ROOT]
19:09:04,175 |-INFO in ch.qos.logback.core.model.processor.DefaultProcessor@4b5189ac - End of configuration.
19:09:04,176 |-INFO in ch.qos.logback.classic.joran.JoranConfigurator@1e4d3ce5 - Registering current configuration as safe fallback point
19:09:04,176 |-INFO in ch.qos.logback.classic.util.ContextInitializer@6f6745d6 - ch.qos.logback.classic.util.DefaultJoranConfigurator.configure() call lasted 148 milliseconds. ExecutionStatus=DO_NOT_INVOKE_NEXT_IF_ANY

2023-12-09 19:09:04 INFO  [main] o.s.t.c.s.AnnotationConfigContextLoaderUtils - Could not detect default configuration classes for test class [com.microservices.demo.twitter.to.kafka.service.TwitterToKafkaServiceApplicationTest]: TwitterToKafkaServiceApplicationTest does not declare any static, non-private, non-final, nested classes annotated with @Configuration.
2023-12-09 19:09:04 INFO  [main] o.s.b.t.c.SpringBootTestContextBootstrapper - Found @SpringBootConfiguration com.microservices.demo.twitter.to.kafka.service.TwitterToKafkaServiceApplication for test class com.microservices.demo.twitter.to.kafka.service.TwitterToKafkaServiceApplicationTest
19:09:04,752 |-INFO in ch.qos.logback.core.model.processor.AppenderModelHandler - Processing appender named [STDOUT]
19:09:04,752 |-INFO in ch.qos.logback.core.model.processor.AppenderModelHandler - About to instantiate appender of type [ch.qos.logback.core.ConsoleAppender]
19:09:04,753 |-WARN in ch.qos.logback.core.ConsoleAppender[STDOUT] - This appender no longer admits a layout as a sub-component, set an encoder instead.
19:09:04,753 |-WARN in ch.qos.logback.core.ConsoleAppender[STDOUT] - To ensure compatibility, wrapping your layout in LayoutWrappingEncoder.
19:09:04,753 |-WARN in ch.qos.logback.core.ConsoleAppender[STDOUT] - See also http://logback.qos.ch/codes.html#layoutInsteadOfEncoder for details
19:09:04,753 |-INFO in ch.qos.logback.core.model.processor.AppenderModelHandler - Processing appender named [FILE]
19:09:04,753 |-INFO in ch.qos.logback.core.model.processor.AppenderModelHandler - About to instantiate appender of type [ch.qos.logback.core.rolling.RollingFileAppender]
19:09:04,754 |-INFO in c.q.l.core.rolling.TimeBasedRollingPolicy@669700766 - No compression will be used
19:09:04,754 |-INFO in c.q.l.core.rolling.TimeBasedRollingPolicy@669700766 - Will use the pattern ./twitter-to-kafka-service/logs/archived/twitter-to-kafka-service-log.%d{yyyy-MM-dd}.%i.log for the active file
19:09:04,755 |-INFO in ch.qos.logback.core.rolling.SizeAndTimeBasedFNATP@4c060c8f - The date pattern is 'yyyy-MM-dd' from file name pattern './twitter-to-kafka-service/logs/archived/twitter-to-kafka-service-log.%d{yyyy-MM-dd}.%i.log'.
19:09:04,755 |-INFO in ch.qos.logback.core.rolling.SizeAndTimeBasedFNATP@4c060c8f - Roll-over at midnight.
19:09:04,755 |-INFO in ch.qos.logback.core.rolling.SizeAndTimeBasedFNATP@4c060c8f - Setting initial period to 2023-12-09T13:39:04.394Z
19:09:04,755 |-WARN in ch.qos.logback.core.rolling.SizeAndTimeBasedFNATP@4c060c8f - SizeAndTimeBasedFNATP is deprecated. Use SizeAndTimeBasedRollingPolicy instead
19:09:04,755 |-WARN in ch.qos.logback.core.rolling.SizeAndTimeBasedFNATP@4c060c8f - For more information see http://logback.qos.ch/manual/appenders.html#SizeAndTimeBasedRollingPolicy
19:09:04,756 |-INFO in ch.qos.logback.core.rolling.RollingFileAppender[FILE] - Active log file name: ./twitter-to-kafka-service/logs/twitter-to-kafka-service.log
19:09:04,756 |-INFO in ch.qos.logback.core.rolling.RollingFileAppender[FILE] - File property is set to [./twitter-to-kafka-service/logs/twitter-to-kafka-service.log]
19:09:04,756 |-INFO in ch.qos.logback.classic.model.processor.LoggerModelHandler - Setting level of logger [com.microservices.demo] to INFO
19:09:04,757 |-INFO in ch.qos.logback.classic.jul.LevelChangePropagator@40620d8e - Propagating INFO level on Logger[com.microservices.demo] onto the JUL framework
19:09:04,758 |-INFO in ch.qos.logback.classic.model.processor.LoggerModelHandler - Setting additivity of logger [com.microservices.demo] to false
19:09:04,758 |-INFO in ch.qos.logback.core.model.processor.AppenderRefModelHandler - Attaching appender named [FILE] to Logger[com.microservices.demo]
19:09:04,758 |-INFO in ch.qos.logback.core.model.processor.AppenderRefModelHandler - Attaching appender named [STDOUT] to Logger[com.microservices.demo]
19:09:04,758 |-INFO in ch.qos.logback.classic.model.processor.RootLoggerModelHandler - Setting level of ROOT logger to INFO
19:09:04,758 |-INFO in ch.qos.logback.classic.jul.LevelChangePropagator@40620d8e - Propagating INFO level on Logger[ROOT] onto the JUL framework
19:09:04,758 |-INFO in ch.qos.logback.core.model.processor.AppenderRefModelHandler - Attaching appender named [FILE] to Logger[ROOT]
19:09:04,758 |-INFO in ch.qos.logback.core.model.processor.AppenderRefModelHandler - Attaching appender named [STDOUT] to Logger[ROOT]
19:09:04,758 |-INFO in ch.qos.logback.core.model.processor.DefaultProcessor@383f3558 - End of configuration.
19:09:04,758 |-INFO in org.springframework.boot.logging.logback.SpringBootJoranConfigurator@49b07ee3 - Registering current configuration as safe fallback point


  .   ____          _            __ _ _
 /\\ / ___'_ __ _ _(_)_ __  __ _ \ \ \ \
( ( )\___ | '_ | '_| | '_ \/ _` | \ \ \ \
 \\/  ___)| |_)| | | | | || (_| |  ) ) ) )
  '  |____| .__|_| |_|_| |_\__, | / / / /
 =========|_|==============|___/=/_/_/_/
 :: Spring Boot ::                (v3.2.0)

2023-12-09 19:09:04 INFO  [main] c.m.d.t.t.k.s.TwitterToKafkaServiceApplicationTest - Starting TwitterToKafkaServiceApplicationTest using Java 17.0.9 with PID 20876 (started by nithe in D:\event-driven-microservices\microservices-demo\twitter-to-kafka-service)
2023-12-09 19:09:04 INFO  [main] c.m.d.t.t.k.s.TwitterToKafkaServiceApplicationTest - No active profile set, falling back to 1 default profile: "default"
2023-12-09 19:09:05 INFO  [main] c.m.d.t.t.k.s.TwitterToKafkaServiceApplicationTest - Started TwitterToKafkaServiceApplicationTest in 0.826 seconds (process running for 2.005)
2023-12-09 19:09:05 INFO  [main] c.m.d.t.t.k.s.TwitterToKafkaServiceApplication - App start...
2023-12-09 19:09:05 INFO  [main] c.m.d.t.t.k.s.TwitterToKafkaServiceApplication - [Java, Microservices, Spring, Kafka, Elasticsearch]
]]></system-out>
  </testcase>
</testsuite>